Using pre-set license
Built from '2020.3/staging' branch; Version is '2020.3.23f1 (c5d91304a876) revision 12966163'; Using compiler version '192528614'; Build Type 'Release'
OS: 'Windows 10 Home Single Language; OS build 22000.348; Version 2009; 64bit' Language: 'en' Physical Memory: 16273 MB
BatchMode: 1, IsHumanControllingUs: 0, StartBugReporterOnCrash: 0, Is64bit: 1, IsPro: 0

COMMAND LINE ARGUMENTS:
C:\Program Files\Unity\Hub\Editor\2020.3.23f1\Editor\Unity.exe
-adb2
-batchMode
-noUpm
-name
AssetImportWorker0
-projectPath
D:/ปี 3 เทอม 2/CS222 การเขียนโปรแกรมมัลติมีเดีย/Lab/11-25-2021/Lab1/Unity/Homework/Lab 1
-logFile
Logs/AssetImportWorker0.log
-srvPort
52777
Successfully changed project path to: D:/ปี 3 เทอม 2/CS222 การเขียนโปรแกรมมัลติมีเดีย/Lab/11-25-2021/Lab1/Unity/Homework/Lab 1
D:/ปี 3 เทอม 2/CS222 การเขียนโปรแกรมมัลติมีเดีย/Lab/11-25-2021/Lab1/Unity/Homework/Lab 1
Using Asset Import Pipeline V2.
Refreshing native plugins compatible for Editor in 29.10 ms, found 2 plugins.
Preloading 0 native plugins for Editor in 0.00 ms.
Initialize engine version: 2020.3.23f1 (c5d91304a876)
[Subsystems] Discovering subsystems at path C:/Program Files/Unity/Hub/Editor/2020.3.23f1/Editor/Data/Resources/UnitySubsystems
[Subsystems] Discovering subsystems at path D:/ปี 3 เทอม 2/CS222 การเขียนโปรแกรมมัลติมีเดีย/Lab/11-25-2021/Lab1/Unity/Homework/Lab 1/Assets
GfxDevice: creating device client; threaded=0
Direct3D:
    Version:  Direct3D 11.0 [level 11.1]
    Renderer: NVIDIA GeForce GTX 1050 (ID=0x1c8d)
    Vendor:   
    VRAM:     4019 MB
    Driver:   30.0.14.9676
Initialize mono
Mono path[0] = 'C:/Program Files/Unity/Hub/Editor/2020.3.23f1/Editor/Data/Managed'
Mono path[1] = 'C:/Program Files/Unity/Hub/Editor/2020.3.23f1/Editor/Data/MonoBleedingEdge/lib/mono/unityjit'
Mono config path = 'C:/Program Files/Unity/Hub/Editor/2020.3.23f1/Editor/Data/MonoBleedingEdge/etc'
Using monoOptions --debugger-agent=transport=dt_socket,embedding=1,server=y,suspend=n,address=127.0.0.1:56256
Begin MonoManager ReloadAssembly
Registering precompiled unity dll's ...
Register platform support module: C:/Program Files/Unity/Hub/Editor/2020.3.23f1/Editor/Data/PlaybackEngines/WindowsStandaloneSupport/UnityEditor.WindowsStandalone.Extensions.dll
Registered in 0.001427 seconds.
Native extension for WindowsStandalone target not found
Refreshing native plugins compatible for Editor in 28.59 ms, found 2 plugins.
Preloading 0 native plugins for Editor in 0.00 ms.
Mono: successfully reloaded assembly
- Completed reload, in  0.554 seconds
Domain Reload Profiling:
	ReloadAssembly (555ms)
		BeginReloadAssembly (51ms)
			ExecutionOrderSort (0ms)
			DisableScriptedObjects (0ms)
			BackupInstance (0ms)
			ReleaseScriptingObjects (0ms)
			CreateAndSetChildDomain (1ms)
		EndReloadAssembly (430ms)
			LoadAssemblies (50ms)
			RebuildTransferFunctionScriptingTraits (0ms)
			SetupTypeCache (156ms)
			ReleaseScriptCaches (0ms)
			RebuildScriptCaches (31ms)
			SetupLoadedEditorAssemblies (149ms)
				LogAssemblyErrors (0ms)
				InitializePlatformSupportModulesInManaged (4ms)
				SetLoadedEditorAssemblies (0ms)
				RefreshPlugins (29ms)
				BeforeProcessingInitializeOnLoad (12ms)
				ProcessInitializeOnLoadAttributes (77ms)
				ProcessInitializeOnLoadMethodAttributes (27ms)
				AfterProcessingInitializeOnLoad (0ms)
				EditorAssembliesLoaded (0ms)
			ExecutionOrderSort2 (0ms)
			AwakeInstancesAfterBackupRestoration (0ms)
Platform modules already initialized, skipping
Registering precompiled user dll's ...
Registered in 0.002521 seconds.
Begin MonoManager ReloadAssembly
Native extension for WindowsStandalone target not found
Refreshing native plugins compatible for Editor in 0.31 ms, found 2 plugins.
Preloading 0 native plugins for Editor in 0.00 ms.
Mono: successfully reloaded assembly
- Completed reload, in  0.958 seconds
Domain Reload Profiling:
	ReloadAssembly (959ms)
		BeginReloadAssembly (136ms)
			ExecutionOrderSort (0ms)
			DisableScriptedObjects (4ms)
			BackupInstance (0ms)
			ReleaseScriptingObjects (0ms)
			CreateAndSetChildDomain (18ms)
		EndReloadAssembly (765ms)
			LoadAssemblies (76ms)
			RebuildTransferFunctionScriptingTraits (0ms)
			SetupTypeCache (276ms)
			ReleaseScriptCaches (0ms)
			RebuildScriptCaches (39ms)
			SetupLoadedEditorAssemblies (282ms)
				LogAssemblyErrors (0ms)
				InitializePlatformSupportModulesInManaged (5ms)
				SetLoadedEditorAssemblies (0ms)
				RefreshPlugins (0ms)
				BeforeProcessingInitializeOnLoad (81ms)
				ProcessInitializeOnLoadAttributes (183ms)
				ProcessInitializeOnLoadMethodAttributes (8ms)
				AfterProcessingInitializeOnLoad (4ms)
				EditorAssembliesLoaded (0ms)
			ExecutionOrderSort2 (0ms)
			AwakeInstancesAfterBackupRestoration (6ms)
Platform modules already initialized, skipping
========================================================================
Worker process is ready to serve import requests
Launched and connected shader compiler UnityShaderCompiler.exe after 0.07 seconds
Refreshing native plugins compatible for Editor in 0.30 ms, found 2 plugins.
Preloading 0 native plugins for Editor in 0.00 ms.
Unloading 1506 Unused Serialized files (Serialized files now loaded: 0)
System memory in use before: 68.5 MB.
System memory in use after: 68.6 MB.

Unloading 19 unused Assets to reduce memory usage. Loaded Objects now: 1939.
Total: 2.712700 ms (FindLiveObjects: 0.148000 ms CreateObjectMapping: 0.038700 ms MarkObjects: 2.468200 ms  DeleteObjects: 0.056800 ms)

AssetImportParameters requested are different than current active one (requested -> active):
  custom:framework-win-MediaFoundation: 216162199b28c13a410421893ffa2e32 -> 
  custom:video-decoder-ogg-theora: a1e56fd34408186e4bbccfd4996cb3dc -> 
  custom:container-muxer-webm: aa71ff27fc2769a1b78a27578f13a17b -> 
  custom:container-demuxer-webm: 4f35f7cbe854078d1ac9338744f61a02 -> 
  custom:container-demuxer-ogg: 62fdf1f143b41e24485cea50d1cbac27 -> 
  custom:video-encoder-webm-vp8: eb34c28f22e8b96e1ab97ce403110664 -> 
  custom:video-decoder-webm-vp8: 9c59270c3fd7afecdb556c50c9e8de78 -> 
  custom:audio-decoder-ogg-vorbis: bf7c407c2cedff20999df2af8eb42d56 -> 
  custom:audio-encoder-webm-vorbis: bf7c407c2cedff20999df2af8eb42d56 -> 
========================================================================
Received Import Request.
  path: Assets/My Models/Death.controller
  artifactKey: Guid(8d1948cc8eebbeb46a9ef9a49c9b7187) Importer(815301076,1909f56bfc062723c751e8b465ee728b)
Start importing Assets/My Models/Death.controller using Guid(8d1948cc8eebbeb46a9ef9a49c9b7187) Importer(815301076,1909f56bfc062723c751e8b465ee728b)  -> (artifact id: '2e58f7322255a05ad68712d2eca6d977') in 0.038434 seconds 
  Import took 0.042228 seconds .

========================================================================
Received Import Request.
  Time since last request: 1.472707 seconds.
  path: Assets/My Models/Def.controller
  artifactKey: Guid(5b737d34699a5cc48afd270d3241f3d8) Importer(815301076,1909f56bfc062723c751e8b465ee728b)
Start importing Assets/My Models/Def.controller using Guid(5b737d34699a5cc48afd270d3241f3d8) Importer(815301076,1909f56bfc062723c751e8b465ee728b)  -> (artifact id: '4fa90d13f04851b564ba82edecba1d3f') in 0.010844 seconds 
  Import took 0.013713 seconds .

========================================================================
Received Import Request.
  Time since last request: 111.615086 seconds.
  path: Assets/My Models/Ch14_nonPBR@Falling Back Death.fbx
  artifactKey: Guid(1b5443505d690644eb0c8d1be07e7430) Importer(815301076,1909f56bfc062723c751e8b465ee728b)
Start importing Assets/My Models/Ch14_nonPBR@Falling Back Death.fbx using Guid(1b5443505d690644eb0c8d1be07e7430) Importer(815301076,1909f56bfc062723c751e8b465ee728b)  -> (artifact id: 'b5590c0e47b91133e46bbc1dd796485a') in 0.143658 seconds 
  Import took 0.147731 seconds .

========================================================================
Received Import Request.
  Time since last request: 0.000202 seconds.
  path: Assets/My Models/Ch14_nonPBR@Rumba Dancing.fbx
  artifactKey: Guid(0f097ed6542f6c04da07a9beeba5234d) Importer(815301076,1909f56bfc062723c751e8b465ee728b)
Start importing Assets/My Models/Ch14_nonPBR@Rumba Dancing.fbx using Guid(0f097ed6542f6c04da07a9beeba5234d) Importer(815301076,1909f56bfc062723c751e8b465ee728b)  -> (artifact id: '354bc24109d207456f76bfc6cece3322') in 0.030711 seconds 
  Import took 0.033974 seconds .

========================================================================
Received Import Request.
  Time since last request: 0.000237 seconds.
  path: Assets/My Models/Ch14_nonPBR@Thriller Part 3.fbx
  artifactKey: Guid(513be8a83777c374eac072a3071df07e) Importer(815301076,1909f56bfc062723c751e8b465ee728b)
Start importing Assets/My Models/Ch14_nonPBR@Thriller Part 3.fbx using Guid(513be8a83777c374eac072a3071df07e) Importer(815301076,1909f56bfc062723c751e8b465ee728b)  -> (artifact id: 'b16dfceab7579edd8a0ec9dc29f16770') in 0.045258 seconds 
  Import took 0.048375 seconds .

========================================================================
Received Import Request.
  Time since last request: 61.761963 seconds.
  path: Assets/My Models/Death.fbx
  artifactKey: Guid(1b5443505d690644eb0c8d1be07e7430) Importer(815301076,1909f56bfc062723c751e8b465ee728b)
Start importing Assets/My Models/Death.fbx using Guid(1b5443505d690644eb0c8d1be07e7430) Importer(815301076,1909f56bfc062723c751e8b465ee728b)  -> (artifact id: '490e3f7ed1cd6702380d36f1c32f9863') in 0.056032 seconds 
  Import took 0.059082 seconds .

========================================================================
Received Import Request.
  Time since last request: 13.796971 seconds.
  path: Assets/My Models/Rumba Dancing.fbx
  artifactKey: Guid(0f097ed6542f6c04da07a9beeba5234d) Importer(815301076,1909f56bfc062723c751e8b465ee728b)
Start importing Assets/My Models/Rumba Dancing.fbx using Guid(0f097ed6542f6c04da07a9beeba5234d) Importer(815301076,1909f56bfc062723c751e8b465ee728b)  -> (artifact id: '70f7bdcb269bbb54cdfcec17e9766dfd') in 0.056537 seconds 
  Import took 0.060104 seconds .

========================================================================
Received Import Request.
  Time since last request: 19.080716 seconds.
  path: Assets/My Models/Thriller.fbx
  artifactKey: Guid(513be8a83777c374eac072a3071df07e) Importer(815301076,1909f56bfc062723c751e8b465ee728b)
Start importing Assets/My Models/Thriller.fbx using Guid(513be8a83777c374eac072a3071df07e) Importer(815301076,1909f56bfc062723c751e8b465ee728b)  -> (artifact id: '7724c7e3975876f25a0afcba948e2099') in 0.043998 seconds 
  Import took 0.047051 seconds .

========================================================================
Received Import Request.
  Time since last request: 16.795697 seconds.
  path: Assets/My Models/Rumba Dancing.fbx
  artifactKey: Guid(0f097ed6542f6c04da07a9beeba5234d) Importer(815301076,1909f56bfc062723c751e8b465ee728b)
Start importing Assets/My Models/Rumba Dancing.fbx using Guid(0f097ed6542f6c04da07a9beeba5234d) Importer(815301076,1909f56bfc062723c751e8b465ee728b)  -> (artifact id: '152db443987336dd5f4e6bfa11a9ff2b') in 0.055074 seconds 
  Import took 0.057951 seconds .

========================================================================
Received Import Request.
  Time since last request: 5.963038 seconds.
  path: Assets/My Models/Thriller.fbx
  artifactKey: Guid(513be8a83777c374eac072a3071df07e) Importer(815301076,1909f56bfc062723c751e8b465ee728b)
Start importing Assets/My Models/Thriller.fbx using Guid(513be8a83777c374eac072a3071df07e) Importer(815301076,1909f56bfc062723c751e8b465ee728b)  -> (artifact id: '615668887314218169bd225e653695d0') in 0.042585 seconds 
  Import took 0.046040 seconds .

========================================================================
Received Import Request.
  Time since last request: 77.529631 seconds.
  path: Assets/My Models/Death.fbx
  artifactKey: Guid(1b5443505d690644eb0c8d1be07e7430) Importer(815301076,1909f56bfc062723c751e8b465ee728b)
Start importing Assets/My Models/Death.fbx using Guid(1b5443505d690644eb0c8d1be07e7430) Importer(815301076,1909f56bfc062723c751e8b465ee728b)  -> (artifact id: '9f73a81005b30db47ef808e83235cb18') in 0.064270 seconds 
  Import took 0.068725 seconds .

========================================================================
Received Import Request.
  Time since last request: 0.000216 seconds.
  path: Assets/My Models/Rumba Dancing.fbx
  artifactKey: Guid(0f097ed6542f6c04da07a9beeba5234d) Importer(815301076,1909f56bfc062723c751e8b465ee728b)
Start importing Assets/My Models/Rumba Dancing.fbx using Guid(0f097ed6542f6c04da07a9beeba5234d) Importer(815301076,1909f56bfc062723c751e8b465ee728b)  -> (artifact id: '3cde5a8853a57ede13df20c4eb8f7023') in 0.049550 seconds 
  Import took 0.053014 seconds .

========================================================================
Received Import Request.
  Time since last request: 0.000264 seconds.
  path: Assets/My Models/Thriller.fbx
  artifactKey: Guid(513be8a83777c374eac072a3071df07e) Importer(815301076,1909f56bfc062723c751e8b465ee728b)
Start importing Assets/My Models/Thriller.fbx using Guid(513be8a83777c374eac072a3071df07e) Importer(815301076,1909f56bfc062723c751e8b465ee728b)  -> (artifact id: 'a6d494d8a87a5f7715073e9acbb7ed73') in 0.046280 seconds 
  Import took 0.049492 seconds .

========================================================================
Received Import Request.
  Time since last request: 7.846498 seconds.
  path: Assets/My Models/Death.fbx
  artifactKey: Guid(1b5443505d690644eb0c8d1be07e7430) Importer(815301076,1909f56bfc062723c751e8b465ee728b)
Start importing Assets/My Models/Death.fbx using Guid(1b5443505d690644eb0c8d1be07e7430) Importer(815301076,1909f56bfc062723c751e8b465ee728b)  -> (artifact id: '654c0a1c6451ac9519b3ddd8af62bc7a') in 0.042608 seconds 
  Import took 0.045911 seconds .

========================================================================
Received Import Request.
  Time since last request: 17.055231 seconds.
  path: Assets/My Models/Rumba Dancing.fbx
  artifactKey: Guid(0f097ed6542f6c04da07a9beeba5234d) Importer(815301076,1909f56bfc062723c751e8b465ee728b)
Start importing Assets/My Models/Rumba Dancing.fbx using Guid(0f097ed6542f6c04da07a9beeba5234d) Importer(815301076,1909f56bfc062723c751e8b465ee728b)  -> (artifact id: 'b5c44d426c6822b0acf9a7856a4875dc') in 0.051193 seconds 
  Import took 0.054577 seconds .

========================================================================
Received Import Request.
  Time since last request: 6.048934 seconds.
  path: Assets/My Models/Rumba Dancing.fbx
  artifactKey: Guid(0f097ed6542f6c04da07a9beeba5234d) Importer(815301076,1909f56bfc062723c751e8b465ee728b)
Start importing Assets/My Models/Rumba Dancing.fbx using Guid(0f097ed6542f6c04da07a9beeba5234d) Importer(815301076,1909f56bfc062723c751e8b465ee728b)  -> (artifact id: 'b4a4202b483ba8eefa935d052b9ecc24') in 0.034818 seconds 
  Import took 0.037470 seconds .

========================================================================
Received Import Request.
  Time since last request: 13.487697 seconds.
  path: Assets/My Models/Thriller.fbx
  artifactKey: Guid(513be8a83777c374eac072a3071df07e) Importer(815301076,1909f56bfc062723c751e8b465ee728b)
Start importing Assets/My Models/Thriller.fbx using Guid(513be8a83777c374eac072a3071df07e) Importer(815301076,1909f56bfc062723c751e8b465ee728b)  -> (artifact id: '6a09f44ff51d98ef1146bba40839df57') in 0.061377 seconds 
  Import took 0.064854 seconds .

========================================================================
Received Import Request.
  Time since last request: 7.093947 seconds.
  path: Assets/My Models/Thriller.fbx
  artifactKey: Guid(513be8a83777c374eac072a3071df07e) Importer(815301076,1909f56bfc062723c751e8b465ee728b)
Start importing Assets/My Models/Thriller.fbx using Guid(513be8a83777c374eac072a3071df07e) Importer(815301076,1909f56bfc062723c751e8b465ee728b)  -> (artifact id: '9703c4798e6e16d8910ca9895fb7f890') in 0.054386 seconds 
  Import took 0.057671 seconds .

========================================================================
Received Import Request.
  Time since last request: 5.984283 seconds.
  path: Assets/My Models/Textures/Ch14_1001_Diffuse 1.png
  artifactKey: Guid(510728923bd7fdc4e9d2dd9391096278) Importer(815301076,1909f56bfc062723c751e8b465ee728b)
Start importing Assets/My Models/Textures/Ch14_1001_Diffuse 1.png using Guid(510728923bd7fdc4e9d2dd9391096278) Importer(815301076,1909f56bfc062723c751e8b465ee728b)  -> (artifact id: '6818627276ed3fd4c551da8133ab8dbd') in 0.022064 seconds 
  Import took 0.029291 seconds .

========================================================================
Received Import Request.
  Time since last request: 0.000228 seconds.
  path: Assets/My Models/Textures/Ch14_1001_Normal 1.png
  artifactKey: Guid(c1bcf3ae90222b24284fb02a52c58d63) Importer(815301076,1909f56bfc062723c751e8b465ee728b)
Start importing Assets/My Models/Textures/Ch14_1001_Normal 1.png using Guid(c1bcf3ae90222b24284fb02a52c58d63) Importer(815301076,1909f56bfc062723c751e8b465ee728b)  -> (artifact id: '6184e0de75acef6dfe2363ba09589140') in 0.018592 seconds 
  Import took 0.021481 seconds .

========================================================================
Received Import Request.
  Time since last request: 0.000167 seconds.
  path: Assets/My Models/Textures/Ch14_1001_Glossiness 1.png
  artifactKey: Guid(40fc09420c96823458df655f014fd6c1) Importer(815301076,1909f56bfc062723c751e8b465ee728b)
Start importing Assets/My Models/Textures/Ch14_1001_Glossiness 1.png using Guid(40fc09420c96823458df655f014fd6c1) Importer(815301076,1909f56bfc062723c751e8b465ee728b)  -> (artifact id: '4d8583d037f605ea66b69e13fcdcf234') in 0.015173 seconds 
  Import took 0.018390 seconds .

========================================================================
Received Import Request.
  Time since last request: 0.000229 seconds.
  path: Assets/My Models/Textures/Ch14_1001_Diffuse 2.png
  artifactKey: Guid(d4939342773a3524a8e305d1f37f4ebc) Importer(815301076,1909f56bfc062723c751e8b465ee728b)
Start importing Assets/My Models/Textures/Ch14_1001_Diffuse 2.png using Guid(d4939342773a3524a8e305d1f37f4ebc) Importer(815301076,1909f56bfc062723c751e8b465ee728b)  -> (artifact id: 'af6e06caaa9ae624e0c8fd4f65e843ff') in 0.016259 seconds 
  Import took 0.019839 seconds .

========================================================================
Received Import Request.
  Time since last request: 0.000277 seconds.
  path: Assets/My Models/Textures/Ch14_1001_Glossiness.png
  artifactKey: Guid(f0488522c7f7d3042b3b8b8cf8cdd1d0) Importer(815301076,1909f56bfc062723c751e8b465ee728b)
Start importing Assets/My Models/Textures/Ch14_1001_Glossiness.png using Guid(f0488522c7f7d3042b3b8b8cf8cdd1d0) Importer(815301076,1909f56bfc062723c751e8b465ee728b)  -> (artifact id: '1ed2e0c39ca10a4af22474c3d4ba8e84') in 0.013804 seconds 
  Import took 0.016736 seconds .

========================================================================
Received Import Request.
  Time since last request: 0.000204 seconds.
  path: Assets/My Models/Textures/Ch14_1001_Specular 1.png
  artifactKey: Guid(2c0923efbf4f91c46928e18530aad30d) Importer(815301076,1909f56bfc062723c751e8b465ee728b)
Start importing Assets/My Models/Textures/Ch14_1001_Specular 1.png using Guid(2c0923efbf4f91c46928e18530aad30d) Importer(815301076,1909f56bfc062723c751e8b465ee728b)  -> (artifact id: 'c6f08966082ee865d3e16d792438f840') in 0.013414 seconds 
  Import took 0.017089 seconds .

========================================================================
Received Import Request.
  Time since last request: 0.000193 seconds.
  path: Assets/My Models/Textures/Ch14_1001_Normal 2.png
  artifactKey: Guid(9120befd840c2bd46b84655064a8a4aa) Importer(815301076,1909f56bfc062723c751e8b465ee728b)
Start importing Assets/My Models/Textures/Ch14_1001_Normal 2.png using Guid(9120befd840c2bd46b84655064a8a4aa) Importer(815301076,1909f56bfc062723c751e8b465ee728b)  -> (artifact id: 'e249e53e286628ebdfaf6c5f9e54e789') in 0.016838 seconds 
  Import took 0.020029 seconds .

========================================================================
Received Import Request.
  Time since last request: 0.000148 seconds.
  path: Assets/My Models/Textures/Ch14_1001_Specular 2.png
  artifactKey: Guid(6f0c49bded1c6ad47b8f95efe0b80328) Importer(815301076,1909f56bfc062723c751e8b465ee728b)
Start importing Assets/My Models/Textures/Ch14_1001_Specular 2.png using Guid(6f0c49bded1c6ad47b8f95efe0b80328) Importer(815301076,1909f56bfc062723c751e8b465ee728b)  -> (artifact id: '88d8d4f24224f3d5cbc85107ac284ea7') in 0.013937 seconds 
  Import took 0.016955 seconds .

========================================================================
Received Import Request.
  Time since last request: 0.000228 seconds.
  path: Assets/My Models/Textures/Ch14_1001_Specular.png
  artifactKey: Guid(0653d36a43b35a74588d56ffb40e72c8) Importer(815301076,1909f56bfc062723c751e8b465ee728b)
Start importing Assets/My Models/Textures/Ch14_1001_Specular.png using Guid(0653d36a43b35a74588d56ffb40e72c8) Importer(815301076,1909f56bfc062723c751e8b465ee728b)  -> (artifact id: '444554f1f6fb7afa006b99eb17ce6d1d') in 0.014563 seconds 
  Import took 0.017670 seconds .

========================================================================
Received Import Request.
  Time since last request: 0.000155 seconds.
  path: Assets/My Models/Textures/Ch14_1001_Glossiness 2.png
  artifactKey: Guid(713c3fa6f9457494daef1a0d5becb022) Importer(815301076,1909f56bfc062723c751e8b465ee728b)
Start importing Assets/My Models/Textures/Ch14_1001_Glossiness 2.png using Guid(713c3fa6f9457494daef1a0d5becb022) Importer(815301076,1909f56bfc062723c751e8b465ee728b)  -> (artifact id: '796907b5ca23889d44243932d15bf108') in 0.014786 seconds 
  Import took 0.020262 seconds .

========================================================================
Received Import Request.
  Time since last request: 0.000333 seconds.
  path: Assets/My Models/Textures/Ch14_1001_Normal.png
  artifactKey: Guid(64e4cbee659732048b2bfa485a58a7ca) Importer(815301076,1909f56bfc062723c751e8b465ee728b)
Start importing Assets/My Models/Textures/Ch14_1001_Normal.png using Guid(64e4cbee659732048b2bfa485a58a7ca) Importer(815301076,1909f56bfc062723c751e8b465ee728b)  -> (artifact id: '05d00a7c25a1632305af4af100a50ad9') in 0.017580 seconds 
  Import took 0.020429 seconds .

========================================================================
Received Import Request.
  Time since last request: 0.000191 seconds.
  path: Assets/My Models/Textures/Ch14_1001_Diffuse.png
  artifactKey: Guid(7df8b650bd528bc43a1643aecff221f6) Importer(815301076,1909f56bfc062723c751e8b465ee728b)
Start importing Assets/My Models/Textures/Ch14_1001_Diffuse.png using Guid(7df8b650bd528bc43a1643aecff221f6) Importer(815301076,1909f56bfc062723c751e8b465ee728b)  -> (artifact id: '282e416f5470bc12ed995c5866343c78') in 0.017851 seconds 
  Import took 0.020519 seconds .

========================================================================
Received Import Request.
  Time since last request: 4.245454 seconds.
  path: Assets/My Models/Meterials/Ch14_Body 1.mat
  artifactKey: Guid(e5d095e5ed1bbdf43aab5aa7f54a62b0) Importer(815301076,1909f56bfc062723c751e8b465ee728b)
Start importing Assets/My Models/Meterials/Ch14_Body 1.mat using Guid(e5d095e5ed1bbdf43aab5aa7f54a62b0) Importer(815301076,1909f56bfc062723c751e8b465ee728b)  -> (artifact id: '26167d9c830654714725cfe6bec6ae64') in 0.025672 seconds 
  Import took 0.028247 seconds .

========================================================================
Received Import Request.
  Time since last request: 0.000178 seconds.
  path: Assets/My Models/Meterials/Ch14_Body.mat
  artifactKey: Guid(1778fbf7150118f4a8573fa2fdc03621) Importer(815301076,1909f56bfc062723c751e8b465ee728b)
Start importing Assets/My Models/Meterials/Ch14_Body.mat using Guid(1778fbf7150118f4a8573fa2fdc03621) Importer(815301076,1909f56bfc062723c751e8b465ee728b)  -> (artifact id: '8edec5a847cdd10f3aa6ff47a060645a') in 0.020146 seconds 
  Import took 0.023167 seconds .

========================================================================
Received Import Request.
  Time since last request: 0.000266 seconds.
  path: Assets/My Models/Meterials/Ch14_Body 2.mat
  artifactKey: Guid(b302f901ff075d04fbe3e4947073ddfd) Importer(815301076,1909f56bfc062723c751e8b465ee728b)
Start importing Assets/My Models/Meterials/Ch14_Body 2.mat using Guid(b302f901ff075d04fbe3e4947073ddfd) Importer(815301076,1909f56bfc062723c751e8b465ee728b)  -> (artifact id: 'ba11cbba965d1757bfe2b6e4254dcc5c') in 0.018728 seconds 
  Import took 0.027013 seconds .

========================================================================
Received Import Request.
  Time since last request: 61.856644 seconds.
  path: Assets/My Models/Death.controller
  artifactKey: Guid(8d1948cc8eebbeb46a9ef9a49c9b7187) Importer(815301076,1909f56bfc062723c751e8b465ee728b)
Start importing Assets/My Models/Death.controller using Guid(8d1948cc8eebbeb46a9ef9a49c9b7187) Importer(815301076,1909f56bfc062723c751e8b465ee728b)  -> (artifact id: 'b4fc3e2dee593b21d43a7987f5666247') in 0.003608 seconds 
  Import took 0.006989 seconds .

========================================================================
Received Import Request.
  Time since last request: 41.386678 seconds.
  path: Assets/My Models/Rumba.controller
  artifactKey: Guid(d48502593e348764785307c258ac5173) Importer(815301076,1909f56bfc062723c751e8b465ee728b)
Start importing Assets/My Models/Rumba.controller using Guid(d48502593e348764785307c258ac5173) Importer(815301076,1909f56bfc062723c751e8b465ee728b)  -> (artifact id: 'ab63b48529b2da2746045325fcac4552') in 0.007645 seconds 
  Import took 0.015903 seconds .

========================================================================
Received Import Request.
  Time since last request: 48.291653 seconds.
  path: Assets/My Models/Triller.controller
  artifactKey: Guid(d6a2454a5b914dc4d9bfaa3be7abc821) Importer(815301076,1909f56bfc062723c751e8b465ee728b)
Start importing Assets/My Models/Triller.controller using Guid(d6a2454a5b914dc4d9bfaa3be7abc821) Importer(815301076,1909f56bfc062723c751e8b465ee728b)  -> (artifact id: '5ee0b5d8ca67c3c70b933414476792b7') in 0.008509 seconds 
  Import took 0.011181 seconds .

========================================================================
Received Import Request.
  Time since last request: 9.151381 seconds.
  path: Assets/My Models/Thriller.controller
  artifactKey: Guid(d6a2454a5b914dc4d9bfaa3be7abc821) Importer(815301076,1909f56bfc062723c751e8b465ee728b)
Start importing Assets/My Models/Thriller.controller using Guid(d6a2454a5b914dc4d9bfaa3be7abc821) Importer(815301076,1909f56bfc062723c751e8b465ee728b)  -> (artifact id: '94c52d07ba62d70ba5fbb8b1ec6e6be4') in 0.003255 seconds 
  Import took 0.007186 seconds .

========================================================================
Received Prepare
Registering precompiled user dll's ...
Registered in 0.002748 seconds.
Begin MonoManager ReloadAssembly
Native extension for WindowsStandalone target not found
Refreshing native plugins compatible for Editor in 0.31 ms, found 2 plugins.
Preloading 0 native plugins for Editor in 0.00 ms.
Mono: successfully reloaded assembly
- Completed reload, in  0.900 seconds
Domain Reload Profiling:
	ReloadAssembly (900ms)
		BeginReloadAssembly (100ms)
			ExecutionOrderSort (0ms)
			DisableScriptedObjects (4ms)
			BackupInstance (0ms)
			ReleaseScriptingObjects (0ms)
			CreateAndSetChildDomain (31ms)
		EndReloadAssembly (743ms)
			LoadAssemblies (81ms)
			RebuildTransferFunctionScriptingTraits (0ms)
			SetupTypeCache (266ms)
			ReleaseScriptCaches (1ms)
			RebuildScriptCaches (37ms)
			SetupLoadedEditorAssemblies (266ms)
				LogAssemblyErrors (0ms)
				InitializePlatformSupportModulesInManaged (4ms)
				SetLoadedEditorAssemblies (0ms)
				RefreshPlugins (0ms)
				BeforeProcessingInitializeOnLoad (71ms)
				ProcessInitializeOnLoadAttributes (174ms)
				ProcessInitializeOnLoadMethodAttributes (11ms)
				AfterProcessingInitializeOnLoad (5ms)
				EditorAssembliesLoaded (0ms)
			ExecutionOrderSort2 (0ms)
			AwakeInstancesAfterBackupRestoration (7ms)
Platform modules already initialized, skipping
Refreshing native plugins compatible for Editor in 0.32 ms, found 2 plugins.
Preloading 0 native plugins for Editor in 0.00 ms.
Unloading 1500 Unused Serialized files (Serialized files now loaded: 0)
System memory in use before: 85.5 MB.
System memory in use after: 85.7 MB.

Unloading 14 unused Assets to reduce memory usage. Loaded Objects now: 1988.
Total: 3.099100 ms (FindLiveObjects: 0.158500 ms CreateObjectMapping: 0.114200 ms MarkObjects: 2.807300 ms  DeleteObjects: 0.018200 ms)

AssetImportParameters requested are different than current active one (requested -> active):
  custom:framework-win-MediaFoundation: 216162199b28c13a410421893ffa2e32 -> 
  custom:video-decoder-ogg-theora: a1e56fd34408186e4bbccfd4996cb3dc -> 
  custom:container-muxer-webm: aa71ff27fc2769a1b78a27578f13a17b -> 
  custom:container-demuxer-webm: 4f35f7cbe854078d1ac9338744f61a02 -> 
  custom:container-demuxer-ogg: 62fdf1f143b41e24485cea50d1cbac27 -> 
  custom:video-encoder-webm-vp8: eb34c28f22e8b96e1ab97ce403110664 -> 
  custom:video-decoder-webm-vp8: 9c59270c3fd7afecdb556c50c9e8de78 -> 
  custom:audio-decoder-ogg-vorbis: bf7c407c2cedff20999df2af8eb42d56 -> 
  custom:audio-encoder-webm-vorbis: bf7c407c2cedff20999df2af8eb42d56 -> 
========================================================================
Received Import Request.
  Time since last request: 333.693954 seconds.
  path: Assets/Prefabs/Death.prefab
  artifactKey: Guid(da1990214f265894595511cc524903bc) Importer(815301076,1909f56bfc062723c751e8b465ee728b)
Start importing Assets/Prefabs/Death.prefab using Guid(da1990214f265894595511cc524903bc) Importer(815301076,1909f56bfc062723c751e8b465ee728b) The Animator Controller (Death) you have used is not valid. Animations will not play
UnityEngine.StackTraceUtility:ExtractStackTrace ()
UnityEditor.EditorUtility:Internal_InstantiateRemoveAllNonAnimationComponentsSingle (UnityEngine.Object,UnityEngine.Vector3,UnityEngine.Quaternion)
UnityEditor.EditorUtility:InstantiateRemoveAllNonAnimationComponents (UnityEngine.Object,UnityEngine.Vector3,UnityEngine.Quaternion)
UnityEditor.EditorUtility:InstantiateForAnimatorPreview (UnityEngine.Object)
UnityEditor.GameObjectInspector/PreviewData:UpdateGameObject (UnityEngine.Object)
UnityEditor.GameObjectInspector/PreviewData:.ctor (UnityEngine.Object)
UnityEditor.GameObjectInspector:GetPreviewData ()
UnityEditor.GameObjectInspector:RenderStaticPreview (string,UnityEngine.Object[],int,int)
UnityEditor.AssetPreviewUpdater:CreatePreviewForAsset (UnityEngine.Object,UnityEngine.Object[],string)

[C:\buildslave\unity\build\Modules/Animation/Director/AnimatorControllerPlayable.cpp line 333]

The Animator Controller (Death) you have used is not valid. Animations will not play
UnityEngine.StackTraceUtility:ExtractStackTrace ()
UnityEditor.EditorUtility:InitInstantiatedPreviewRecursive (UnityEngine.GameObject)
UnityEditor.EditorUtility:InstantiateForAnimatorPreview (UnityEngine.Object)
UnityEditor.GameObjectInspector/PreviewData:UpdateGameObject (UnityEngine.Object)
UnityEditor.GameObjectInspector/PreviewData:.ctor (UnityEngine.Object)
UnityEditor.GameObjectInspector:GetPreviewData ()
UnityEditor.GameObjectInspector:RenderStaticPreview (string,UnityEngine.Object[],int,int)
UnityEditor.AssetPreviewUpdater:CreatePreviewForAsset (UnityEngine.Object,UnityEngine.Object[],string)

[C:\buildslave\unity\build\Modules/Animation/Director/AnimatorControllerPlayable.cpp line 333]

 -> (artifact id: '6cad54a1deb8769ddd66be8469155672') in 0.060662 seconds 
  Import took 0.063526 seconds .

========================================================================
Received Prepare
Registering precompiled user dll's ...
Registered in 0.002795 seconds.
Begin MonoManager ReloadAssembly
Native extension for WindowsStandalone target not found
Refreshing native plugins compatible for Editor in 0.32 ms, found 2 plugins.
Preloading 0 native plugins for Editor in 0.00 ms.
Mono: successfully reloaded assembly
- Completed reload, in  0.904 seconds
Domain Reload Profiling:
	ReloadAssembly (904ms)
		BeginReloadAssembly (103ms)
			ExecutionOrderSort (0ms)
			DisableScriptedObjects (4ms)
			BackupInstance (0ms)
			ReleaseScriptingObjects (0ms)
			CreateAndSetChildDomain (31ms)
		EndReloadAssembly (743ms)
			LoadAssemblies (74ms)
			RebuildTransferFunctionScriptingTraits (0ms)
			SetupTypeCache (276ms)
			ReleaseScriptCaches (1ms)
			RebuildScriptCaches (37ms)
			SetupLoadedEditorAssemblies (258ms)
				LogAssemblyErrors (0ms)
				InitializePlatformSupportModulesInManaged (4ms)
				SetLoadedEditorAssemblies (0ms)
				RefreshPlugins (0ms)
				BeforeProcessingInitializeOnLoad (71ms)
				ProcessInitializeOnLoadAttributes (169ms)
				ProcessInitializeOnLoadMethodAttributes (8ms)
				AfterProcessingInitializeOnLoad (5ms)
				EditorAssembliesLoaded (0ms)
			ExecutionOrderSort2 (0ms)
			AwakeInstancesAfterBackupRestoration (6ms)
Platform modules already initialized, skipping
Refreshing native plugins compatible for Editor in 0.33 ms, found 2 plugins.
Preloading 0 native plugins for Editor in 0.00 ms.
Unloading 1500 Unused Serialized files (Serialized files now loaded: 0)
System memory in use before: 85.7 MB.
System memory in use after: 85.8 MB.

Unloading 14 unused Assets to reduce memory usage. Loaded Objects now: 1991.
Total: 2.868600 ms (FindLiveObjects: 0.158900 ms CreateObjectMapping: 0.041600 ms MarkObjects: 2.652100 ms  DeleteObjects: 0.015100 ms)

AssetImportParameters requested are different than current active one (requested -> active):
  custom:framework-win-MediaFoundation: 216162199b28c13a410421893ffa2e32 -> 
  custom:video-decoder-ogg-theora: a1e56fd34408186e4bbccfd4996cb3dc -> 
  custom:container-muxer-webm: aa71ff27fc2769a1b78a27578f13a17b -> 
  custom:container-demuxer-webm: 4f35f7cbe854078d1ac9338744f61a02 -> 
  custom:container-demuxer-ogg: 62fdf1f143b41e24485cea50d1cbac27 -> 
  custom:video-encoder-webm-vp8: eb34c28f22e8b96e1ab97ce403110664 -> 
  custom:video-decoder-webm-vp8: 9c59270c3fd7afecdb556c50c9e8de78 -> 
  custom:audio-decoder-ogg-vorbis: bf7c407c2cedff20999df2af8eb42d56 -> 
  custom:audio-encoder-webm-vorbis: bf7c407c2cedff20999df2af8eb42d56 -> 
AssetImportWorkerClient::OnTransportError - code=2 error=End of file
